2023-12-05 13:38:15,454 INFO  OrderRepoList - Orders repository created
2023-12-05 15:17:03,024 INFO  OrderRepoList - Orders repository created
2023-12-05 15:18:00,714 INFO  OrderRepoList - Orders repository created
2023-12-05 15:18:00,716 INFO  BitmexClient - OpenOrderList requested
2023-12-05 15:28:04,781 INFO  OrderRepoList - Orders repository created
2023-12-05 15:44:11,487 INFO  BitmexWebSocketClient - Session is opened
2023-12-05 15:44:11,490 INFO  BitmexWebSocketClient - {"info":"Welcome to the BitMEX Realtime API.","version":"2.0.0","timestamp":"2023-12-05T12:44:10.875Z","docs":"https://www.bitmex.com/app/wsAPI","heartbeatEnabled":false,"limit":{"remaining":179}}
2023-12-05 15:46:08,291 ERROR BitmexWebSocketClient - Cannot connect to server.
jakarta.websocket.DeploymentException: Cannot invoke "jakarta.websocket.EndpointConfig.getEncoders()" because "this.configuration" is null
	at org.glassfish.tyrus.client.ClientManager.connectToServer(ClientManager.java:365) ~[tyrus-client-2.1.4.jar:?]
	at Bot.model.auth.WebSocketAuth.enableAuth(WebSocketAuth.java:22) ~[classes/:?]
	at Bot.service.BitmexWebSocketClient.connect(BitmexWebSocketClient.java:28) ~[classes/:?]
	at Bot.Main.main(Main.java:28) ~[classes/:?]
Caused by: java.lang.NullPointerException: Cannot invoke "jakarta.websocket.EndpointConfig.getEncoders()" because "this.configuration" is null
	at org.glassfish.tyrus.core.AnnotatedEndpoint.<init>(AnnotatedEndpoint.java:192) ~[tyrus-core-2.1.4.jar:?]
	at org.glassfish.tyrus.core.AnnotatedEndpoint.fromInstance(AnnotatedEndpoint.java:153) ~[tyrus-core-2.1.4.jar:?]
	at org.glassfish.tyrus.client.ClientManager$3.run(ClientManager.java:543) ~[tyrus-client-2.1.4.jar:?]
	at java.util.concurrent.Executors$RunnableAdapter.call(Executors.java:577) ~[?:?]
	at java.util.concurrent.FutureTask.run(FutureTask.java:317) ~[?:?]
	at org.glassfish.tyrus.client.ClientManager$SameThreadExecutorService.execute(ClientManager.java:849) ~[tyrus-client-2.1.4.jar:?]
	at java.util.concurrent.AbstractExecutorService.submit(AbstractExecutorService.java:123) ~[?:?]
	at org.glassfish.tyrus.client.ClientManager.connectToServer(ClientManager.java:493) ~[tyrus-client-2.1.4.jar:?]
	at org.glassfish.tyrus.client.ClientManager.connectToServer(ClientManager.java:355) ~[tyrus-client-2.1.4.jar:?]
	... 3 more
2023-12-05 15:46:55,403 INFO  BitmexWebSocketClient - Session is opened
2023-12-05 15:46:55,405 INFO  BitmexWebSocketClient - {"info":"Welcome to the BitMEX Realtime API.","version":"2.0.0","timestamp":"2023-12-05T12:46:54.788Z","docs":"https://www.bitmex.com/app/wsAPI","heartbeatEnabled":false,"limit":{"remaining":179}}
2023-12-05 15:47:45,956 INFO  BitmexWebSocketClient - Session is opened
2023-12-05 15:47:45,960 INFO  BitmexWebSocketClient - {"info":"Welcome to the BitMEX Realtime API.","version":"2.0.0","timestamp":"2023-12-05T12:47:45.352Z","docs":"https://www.bitmex.com/app/wsAPI","heartbeatEnabled":false,"limit":{"remaining":179}}
2023-12-05 15:50:26,019 INFO  BitmexWebSocketClient - Session is opened
2023-12-05 15:50:26,021 INFO  BitmexWebSocketClient - {"info":"Welcome to the BitMEX Realtime API.","version":"2.0.0","timestamp":"2023-12-05T12:50:25.406Z","docs":"https://www.bitmex.com/app/wsAPI","heartbeatEnabled":false,"limit":{"remaining":179}}
2023-12-05 16:01:36,212 INFO  BitmexWebSocketClient - Session is opened
2023-12-05 16:01:36,215 INFO  BitmexWebSocketClient - {"info":"Welcome to the BitMEX Realtime API.","version":"2.0.0","timestamp":"2023-12-05T13:01:35.585Z","docs":"https://www.bitmex.com/app/wsAPI","heartbeatEnabled":false,"limit":{"remaining":178}}
2023-12-05 16:01:36,232 DEBUG BitmexWebSocketClient - Session is closed
2023-12-05 16:02:54,547 INFO  BitmexWebSocketClient - Session is opened
2023-12-05 16:02:54,550 INFO  BitmexWebSocketClient - {"info":"Welcome to the BitMEX Realtime API.","version":"2.0.0","timestamp":"2023-12-05T13:02:53.940Z","docs":"https://www.bitmex.com/app/wsAPI","heartbeatEnabled":false,"limit":{"remaining":179}}
2023-12-05 16:02:54,658 INFO  BitmexWebSocketClient - {"status":400,"error":"Signature is invalid hex; must be even number of characters. Please see the documentation at https://authws.eks-prod.testnet.bitmex/app/wsAPI.","meta":{},"request":{"op":"authKeyExpires","args":["CcFO3TMuN9Itk2MiZKo6Eq4h",1701781434,"Bot.model.util.Signature@3724af13"]}}
2023-12-05 16:02:54,925 INFO  BitmexWebSocketClient - {"info":"Welcome to the BitMEX Realtime API.","version":"2.0.0","timestamp":"2023-12-05T13:02:54.334Z","docs":"https://www.bitmex.com/app/wsAPI","heartbeatEnabled":false,"limit":{"remaining":178}}
2023-12-05 16:02:55,205 INFO  BitmexWebSocketClient - {"status":401,"error":"User requested an account-locked subscription but no authorization was provided.","meta":{"note":"Account-locked tables include the following: [affiliate, csastate, execution, margin, order, position, privateNotification, transact, wallet]."},"request":{"op":"subscribe","args":"order"}}
2023-12-05 16:04:09,962 INFO  BitmexWebSocketClient - Session is opened
2023-12-05 16:04:09,966 INFO  BitmexWebSocketClient - {"info":"Welcome to the BitMEX Realtime API.","version":"2.0.0","timestamp":"2023-12-05T13:04:09.354Z","docs":"https://www.bitmex.com/app/wsAPI","heartbeatEnabled":false,"limit":{"remaining":179}}
2023-12-05 16:04:10,079 INFO  BitmexWebSocketClient - {"status":400,"error":"Signature is invalid hex; must be even number of characters. Please see the documentation at https://authws.eks-prod.testnet.bitmex/app/wsAPI.","meta":{},"request":{"op":"authKeyExpires","args":["CcFO3TMuN9Itk2MiZKo6Eq4h",1701781509,"Bot.model.util.Signature@3724af13"]}}
2023-12-05 16:04:10,215 INFO  BitmexWebSocketClient - {"status":401,"error":"User requested an account-locked subscription but no authorization was provided.","meta":{"note":"Account-locked tables include the following: [affiliate, csastate, execution, margin, order, position, privateNotification, transact, wallet]."},"request":{"op":"subscribe","args":"order"}}
2023-12-05 16:12:36,065 INFO  BitmexWebSocketClient - Session is opened
2023-12-05 16:12:36,068 INFO  BitmexWebSocketClient - {"info":"Welcome to the BitMEX Realtime API.","version":"2.0.0","timestamp":"2023-12-05T13:12:35.453Z","docs":"https://www.bitmex.com/app/wsAPI","heartbeatEnabled":false,"limit":{"remaining":179}}
2023-12-05 16:12:36,175 INFO  BitmexWebSocketClient - {"status":400,"error":"Signature is invalid hex; must be even number of characters. Please see the documentation at https://authws.eks-prod.testnet.bitmex/app/wsAPI.","meta":{},"request":{"op":"authKeyExpires","args":["CcFO3TMuN9Itk2MiZKo6Eq4h",1701782016,"Bot.model.util.Signature@3724af13"]}}
2023-12-05 16:12:36,502 INFO  BitmexWebSocketClient - {"info":"Welcome to the BitMEX Realtime API.","version":"2.0.0","timestamp":"2023-12-05T13:12:35.907Z","docs":"https://www.bitmex.com/app/wsAPI","heartbeatEnabled":false,"limit":{"remaining":178}}
2023-12-05 16:12:36,753 INFO  BitmexWebSocketClient - {"status":401,"error":"User requested an account-locked subscription but no authorization was provided.","meta":{"note":"Account-locked tables include the following: [affiliate, csastate, execution, margin, order, position, privateNotification, transact, wallet]."},"request":{"op":"subscribe","args":"order"}}
2023-12-05 16:13:35,645 INFO  BitmexWebSocketClient - Session is opened
2023-12-05 16:13:35,648 INFO  BitmexWebSocketClient - {"info":"Welcome to the BitMEX Realtime API.","version":"2.0.0","timestamp":"2023-12-05T13:13:35.033Z","docs":"https://www.bitmex.com/app/wsAPI","heartbeatEnabled":false,"limit":{"remaining":179}}
2023-12-05 16:15:58,616 INFO  BitmexWebSocketClient - Session is opened
2023-12-05 16:15:58,620 INFO  BitmexWebSocketClient - {"info":"Welcome to the BitMEX Realtime API.","version":"2.0.0","timestamp":"2023-12-05T13:15:58.000Z","docs":"https://www.bitmex.com/app/wsAPI","heartbeatEnabled":false,"limit":{"remaining":179}}
2023-12-05 16:15:58,728 INFO  BitmexWebSocketClient - {"status":400,"error":"Signature is invalid hex; must be even number of characters. Please see the documentation at https://authws.eks-prod.testnet.bitmex/app/wsAPI.","meta":{},"request":{"op":"authKeyExpires","args":["CcFO3TMuN9Itk2MiZKo6Eq4h",1701782218,"Bot.model.util.Signature@65fe9e33"]}}
2023-12-05 16:16:38,074 INFO  BitmexWebSocketClient - Session is opened
2023-12-05 16:16:38,077 INFO  BitmexWebSocketClient - {"info":"Welcome to the BitMEX Realtime API.","version":"2.0.0","timestamp":"2023-12-05T13:16:37.458Z","docs":"https://www.bitmex.com/app/wsAPI","heartbeatEnabled":false,"limit":{"remaining":179}}
2023-12-05 16:16:38,183 INFO  BitmexWebSocketClient - {"status":400,"error":"Signature is invalid hex; must be even number of characters. Please see the documentation at https://authws.eks-prod.testnet.bitmex/app/wsAPI.","meta":{},"request":{"op":"authKeyExpires","args":["CcFO3TMuN9Itk2MiZKo6Eq4h",1701782258,"Bot.model.util.Signature@42f8285e"]}}
2023-12-05 16:17:06,320 INFO  BitmexWebSocketClient - Session is opened
2023-12-05 16:17:06,323 INFO  BitmexWebSocketClient - {"info":"Welcome to the BitMEX Realtime API.","version":"2.0.0","timestamp":"2023-12-05T13:17:05.706Z","docs":"https://www.bitmex.com/app/wsAPI","heartbeatEnabled":false,"limit":{"remaining":178}}
2023-12-05 16:17:06,432 INFO  BitmexWebSocketClient - {"status":400,"error":"Signature is invalid hex; must be even number of characters. Please see the documentation at https://authws.eks-prod.testnet.bitmex/app/wsAPI.","meta":{},"request":{"op":"authKeyExpires","args":["CcFO3TMuN9Itk2MiZKo6Eq4h",1701782286,"Bot.model.util.Signature@42f8285e"]}}
2023-12-05 16:17:06,555 INFO  BitmexWebSocketClient - {"status":401,"error":"User requested an account-locked subscription but no authorization was provided.","meta":{"note":"Account-locked tables include the following: [affiliate, csastate, execution, margin, order, position, privateNotification, transact, wallet]."},"request":{"op":"subscribe","args":"order"}}
2023-12-06 06:43:39,981 INFO  BitmexWebSocketClient - Session is opened
2023-12-06 06:43:39,991 INFO  BitmexWebSocketClient - {"info":"Welcome to the BitMEX Realtime API.","version":"2.0.0","timestamp":"2023-12-06T03:43:38.753Z","docs":"https://www.bitmex.com/app/wsAPI","heartbeatEnabled":false,"limit":{"remaining":179}}
2023-12-06 06:43:40,211 INFO  BitmexWebSocketClient - {"status":400,"error":"Signature is invalid hex; must be even number of characters. Please see the documentation at https://authws.eks-prod.testnet.bitmex/app/wsAPI.","meta":{},"request":{"op":"authKeyExpires","args":["CcFO3TMuN9Itk2MiZKo6Eq4h",1701834279,"Bot.model.util.Signature@3724af13"]}}
2023-12-06 06:43:40,388 INFO  BitmexWebSocketClient - {"status":401,"error":"User requested an account-locked subscription but no authorization was provided.","meta":{"note":"Account-locked tables include the following: [affiliate, csastate, execution, margin, order, position, privateNotification, transact, wallet]."},"request":{"op":"subscribe","args":"order"}}
2023-12-06 06:44:09,631 INFO  BitmexWebSocketClient - Session is opened
2023-12-06 06:44:09,638 INFO  BitmexWebSocketClient - {"info":"Welcome to the BitMEX Realtime API.","version":"2.0.0","timestamp":"2023-12-06T03:44:08.409Z","docs":"https://www.bitmex.com/app/wsAPI","heartbeatEnabled":false,"limit":{"remaining":179}}
2023-12-06 06:44:09,759 INFO  BitmexWebSocketClient - {"status":400,"error":"Signature is invalid hex; must be even number of characters. Please see the documentation at https://authws.eks-prod.testnet.bitmex/app/wsAPI.","meta":{},"request":{"op":"authKeyExpires","args":["CcFO3TMuN9Itk2MiZKo6Eq4h",1701834309,"Bot.model.util.Signature@7c351808"]}}
2023-12-06 06:44:10,013 INFO  BitmexWebSocketClient - {"status":401,"error":"User requested an account-locked subscription but no authorization was provided.","meta":{"note":"Account-locked tables include the following: [affiliate, csastate, execution, margin, order, position, privateNotification, transact, wallet]."},"request":{"op":"subscribe","args":"order"}}
2023-12-06 06:51:53,305 INFO  BitmexWebSocketClient - Session is opened
2023-12-06 06:51:53,314 INFO  BitmexWebSocketClient - {"info":"Welcome to the BitMEX Realtime API.","version":"2.0.0","timestamp":"2023-12-06T03:51:52.071Z","docs":"https://www.bitmex.com/app/wsAPI","heartbeatEnabled":false,"limit":{"remaining":179}}
2023-12-06 06:51:53,434 INFO  BitmexWebSocketClient - {"status":400,"error":"Signature is invalid hex; must be even number of characters. Please see the documentation at https://authws.eks-prod.testnet.bitmex/app/wsAPI.","meta":{},"request":{"op":"authKeyExpires","args":["CcFO3TMuN9Itk2MiZKo6Eq4h",1701834773,"Bot.model.util.Signature@226642a5"]}}
2023-12-06 06:51:53,685 INFO  BitmexWebSocketClient - {"status":401,"error":"User requested an account-locked subscription but no authorization was provided.","meta":{"note":"Account-locked tables include the following: [affiliate, csastate, execution, margin, order, position, privateNotification, transact, wallet]."},"request":{"op":"subscribe","args":"order"}}
2023-12-06 07:03:57,909 INFO  BitmexClient - OpenOrderList requested
2023-12-06 07:14:46,674 INFO  OrderRepoList - Orders repository created
2023-12-06 07:14:46,686 INFO  BitmexClient - OpenOrderList requested
2023-12-06 07:17:28,726 INFO  OrderRepoList - Orders repository created
2023-12-06 07:17:28,738 INFO  BitmexClient - OpenOrderList requested
2023-12-06 07:23:47,665 INFO  OrderRepoList - Orders repository created
2023-12-06 07:24:22,502 INFO  OrderRepoList - Orders repository created
2023-12-06 07:24:22,513 INFO  BitmexClient - OpenOrderList requested
2023-12-06 07:25:39,828 INFO  BitmexClient - OpenOrderList requested
2023-12-06 07:31:51,600 INFO  BitmexClient - OpenOrderList requested
2023-12-06 07:33:51,595 INFO  BitmexClient - OpenOrderList requested
2023-12-06 07:34:55,794 INFO  BitmexClient - OpenOrderList requested
2023-12-06 09:48:13,396 INFO  OrderHttpRequest - Created HttpRequest: https://testnet.bitmex.com/api/v1/order?count=100&reverse=true GET
2023-12-06 09:48:14,167 INFO  OrderRepoList - Orders repository created
2023-12-06 09:48:14,169 INFO  OrderRepoList - Orders repository created
2023-12-06 09:48:14,169 INFO  OrderRepoList - Orders repository created
2023-12-06 09:48:14,169 INFO  OrderRepoList - Orders repository created
2023-12-06 09:48:14,169 INFO  OrderRepoList - Orders repository created
2023-12-06 09:57:52,740 INFO  OrderHttpRequest - Created HttpRequest: https://testnet.bitmex.com/api/v1/order?count=100&reverse=true GET
2023-12-06 09:57:53,396 INFO  OrderRepoList - Orders repository created
2023-12-06 09:57:53,397 INFO  OrderRepoList - Orders repository created
2023-12-06 09:57:53,397 INFO  OrderRepoList - Orders repository created
2023-12-06 09:57:53,397 INFO  OrderRepoList - Orders repository created
2023-12-06 09:57:53,398 INFO  OrderRepoList - Orders repository created
2023-12-06 11:41:46,972 INFO  OrderHttpRequest - Created HttpRequest: https://testnet.bitmex.com/api/v1/order POST
2023-12-06 11:41:47,678 INFO  BitmexClient - Order: {"symbol":"XBTUSD","side":"Buy","orderQty":100.0,"price":30000.0,"ordType":"Limit"}created
2023-12-06 11:43:24,390 INFO  OrderHttpRequest - Created HttpRequest: https://testnet.bitmex.com/api/v1/order POST
2023-12-06 11:52:28,787 INFO  OrderHttpRequest - Created HttpRequest: https://testnet.bitmex.com/api/v1/order POST
2023-12-06 11:52:29,514 INFO  OrderRepoList - Orders repository created
2023-12-06 11:52:29,515 INFO  BitmexClient - Order: {"symbol":"XBTUSD","side":"Buy","orderQty":100.0,"price":30000.0,"ordType":"Limit"}created
2023-12-06 11:56:33,235 INFO  OrderHttpRequest - Created HttpRequest: https://testnet.bitmex.com/api/v1/order POST
2023-12-06 11:58:03,771 INFO  OrderHttpRequest - Created HttpRequest: https://testnet.bitmex.com/api/v1/order POST
2023-12-06 12:00:28,235 INFO  OrderHttpRequest - Created HttpRequest: https://testnet.bitmex.com/api/v1/order POST
2023-12-06 12:12:04,181 INFO  OrderHttpRequest - Created HttpRequest: https://testnet.bitmex.com/api/v1/order POST
2023-12-06 12:16:40,591 INFO  OrderHttpRequest - Created HttpRequest: https://testnet.bitmex.com/api/v1/order POST
2023-12-06 12:16:41,489 INFO  OrderRepoList - Orders repository created
2023-12-06 12:16:41,493 INFO  BitmexClient - Order: {"symbol":"XBTUSD","side":"Buy","orderQty":100.0,"price":30000.0,"ordType":"Limit"}created
2023-12-06 12:17:21,680 INFO  OrderHttpRequest - Created HttpRequest: https://testnet.bitmex.com/api/v1/order?count=100&reverse=true GET
2023-12-06 12:18:14,682 INFO  DeleteHttpRequest - Created HttpRequest: https://testnet.bitmex.com/api/v1/order/all DELETE
2023-12-06 12:18:15,547 INFO  BitmexClient - All orders cancelled
2023-12-06 12:24:15,061 INFO  OrderHttpRequest - Created HttpRequest: https://testnet.bitmex.com/api/v1/order POST
2023-12-06 12:24:16,079 INFO  OrderRepoList - Orders repository created
2023-12-06 12:24:16,083 INFO  BitmexClient - Order: {"symbol":"XBTUSD","side":"Buy","orderQty":100.0,"price":30000.0,"ordType":"Limit"}created
2023-12-06 12:25:26,387 INFO  DeleteHttpRequest - Created HttpRequest: https://testnet.bitmex.com/api/v1/order/all DELETE
2023-12-06 12:25:27,377 INFO  BitmexClient - All orders cancelled
2023-12-06 12:26:02,685 INFO  DeleteHttpRequest - Created HttpRequest: https://testnet.bitmex.com/api/v1/order/all DELETE
2023-12-06 12:26:03,507 INFO  BitmexClient - All orders cancelled
2023-12-06 12:26:39,566 INFO  OrderHttpRequest - Created HttpRequest: https://testnet.bitmex.com/api/v1/order POST
2023-12-06 12:26:40,476 INFO  OrderRepoList - Orders repository created
2023-12-06 12:26:40,479 INFO  BitmexClient - Order: {"symbol":"XBTUSD","side":"Buy","orderQty":100.0,"price":30000.0,"ordType":"Limit"}created
2023-12-06 12:26:51,865 INFO  DeleteHttpRequest - Created HttpRequest: https://testnet.bitmex.com/api/v1/order/all DELETE
2023-12-06 12:26:52,749 INFO  BitmexClient - All orders cancelled
2023-12-06 12:28:17,970 INFO  OrderHttpRequest - Created HttpRequest: https://testnet.bitmex.com/api/v1/order POST
2023-12-06 12:28:18,799 INFO  OrderRepoList - Orders repository created
2023-12-06 12:28:18,804 INFO  BitmexClient - Order: {"symbol":"XBTUSD","side":"Buy","orderQty":100.0,"price":30000.0,"ordType":"Limit"}created
2023-12-06 12:29:12,088 INFO  DeleteHttpRequest - Created HttpRequest: https://testnet.bitmex.com/api/v1/order?orderID=2abd33ae-5581-4028-80f0-866740ec0655 DELETE
2023-12-06 12:29:12,876 INFO  BitmexClient - Order: 2abd33ae-5581-4028-80f0-866740ec0655cancelled
2023-12-06 12:31:52,068 INFO  OrderHttpRequest - Created HttpRequest: https://testnet.bitmex.com/api/v1/order POST
2023-12-06 12:31:53,026 INFO  OrderRepoList - Orders repository created
2023-12-06 12:31:53,030 INFO  BitmexClient - Order: {"symbol":"XBTUSD","side":"Buy","orderQty":100.0,"price":30000.0,"ordType":"Limit"}created
2023-12-06 12:42:24,553 INFO  OrderHttpRequest - Created HttpRequest: https://testnet.bitmex.com/api/v1/order PUT
2023-12-06 13:11:56,832 INFO  OrderHttpRequest - Created HttpRequest: https://testnet.bitmex.com/api/v1/order?orderID=da2cb1e4-0531-44d9-89f4-1213da802be6?price=42000.0 PUT
2023-12-06 13:12:41,786 INFO  OrderHttpRequest - Created HttpRequest: https://testnet.bitmex.com/api/v1/order?orderID=da2cb1e4-0531-44d9-89f4-1213da802be6?price=42000.0 PUT
2023-12-06 13:12:42,542 INFO  BitmexClient - Order: da2cb1e4-0531-44d9-89f4-1213da802be6cancelled
2023-12-06 13:14:42,958 INFO  OrderHttpRequest - Created HttpRequest: https://testnet.bitmex.com/api/v1/order/da2cb1e4-0531-44d9-89f4-1213da802be6 PUT
2023-12-06 13:15:25,021 INFO  OrderHttpRequest - Created HttpRequest: https://testnet.bitmex.com/api/v1/order/da2cb1e4-0531-44d9-89f4-1213da802be6 PUT
2023-12-06 13:15:48,803 INFO  OrderHttpRequest - Created HttpRequest: https://testnet.bitmex.com/api/v1/order/da2cb1e4-0531-44d9-89f4-1213da802be6 PUT
2023-12-06 13:19:30,585 INFO  DeleteHttpRequest - Created HttpRequest: https://testnet.bitmex.com/api/v1/order?orderID=da2cb1e4-0531-44d9-89f4-1213da802be6 DELETE
2023-12-06 13:19:31,791 INFO  BitmexClient - Order: da2cb1e4-0531-44d9-89f4-1213da802be6cancelled
2023-12-06 13:21:26,937 INFO  OrderHttpRequest - Created HttpRequest: https://testnet.bitmex.com/api/v1/order POST
2023-12-06 13:21:27,829 INFO  OrderRepoList - Orders repository created
2023-12-06 13:21:27,832 INFO  BitmexClient - Order: {"symbol":"XBTUSD","side":"Buy","orderQty":100.0,"price":30000.0,"ordType":"Limit"}created
2023-12-06 13:21:59,714 INFO  DeleteHttpRequest - Created HttpRequest: https://testnet.bitmex.com/api/v1/order?orderID=c1ea9b68-d200-4761-856d-e3835f0a775d DELETE
2023-12-06 13:22:37,219 INFO  DeleteHttpRequest - Created HttpRequest: https://testnet.bitmex.com/api/v1/order?orderID=c1ea9b68-d200-4761-856d-e3835f0a775d DELETE
2023-12-06 13:38:28,184 INFO  OrderHttpRequest - Created HttpRequest: https://testnet.bitmex.com/api/v1/order?orderID=da2cb1e4-0531-44d9-89f4-1213da802be6&price=42000.0 PUT
2023-12-06 13:38:29,094 INFO  BitmexClient - Order: da2cb1e4-0531-44d9-89f4-1213da802be6cancelled
2023-12-06 13:40:43,939 INFO  OrderHttpRequest - Created HttpRequest: https://testnet.bitmex.com/api/v1/order?orderID=da2cb1e4-0531-44d9-89f4-1213da802be6&price=42000.0 PUT
2023-12-06 13:40:44,836 INFO  BitmexClient - Order: da2cb1e4-0531-44d9-89f4-1213da802be6cancelled
2023-12-06 13:41:33,513 INFO  OrderHttpRequest - Created HttpRequest: https://testnet.bitmex.com/api/v1/order POST
2023-12-06 13:41:34,515 INFO  OrderRepoList - Orders repository created
2023-12-06 13:41:34,519 INFO  BitmexClient - Order: {"symbol":"XBTUSD","side":"Buy","orderQty":100.0,"price":30000.0,"ordType":"Limit"}created
2023-12-06 13:42:50,839 INFO  OrderHttpRequest - Created HttpRequest: https://testnet.bitmex.com/api/v1/order?orderID=be1e060a-b5ec-4d29-8576-4073d3450bfc&price=42000.0 PUT
2023-12-06 13:42:51,729 INFO  BitmexClient - Order: be1e060a-b5ec-4d29-8576-4073d3450bfccancelled
2023-12-06 13:44:09,949 INFO  OrderHttpRequest - Created HttpRequest: https://testnet.bitmex.com/api/v1/order?orderID=be1e060a-b5ec-4d29-8576-4073d3450bfc&price=42000.0 PUT
2023-12-06 13:44:10,845 INFO  BitmexClient - Order: be1e060a-b5ec-4d29-8576-4073d3450bfccancelled
2023-12-06 13:44:57,713 INFO  OrderHttpRequest - Created HttpRequest: https://testnet.bitmex.com/api/v1/order POST
2023-12-06 13:44:58,530 INFO  OrderRepoList - Orders repository created
2023-12-06 13:44:58,533 INFO  BitmexClient - Order: {"symbol":"XBTUSD","side":"Buy","orderQty":100.0,"price":30000.0,"ordType":"Limit"}created
2023-12-06 13:45:17,667 INFO  OrderHttpRequest - Created HttpRequest: https://testnet.bitmex.com/api/v1/order?orderID=0716cf4c-fe7f-4250-9519-6d4e3f9409de&price=42000.0 PUT
2023-12-06 13:45:18,554 INFO  BitmexClient - Order: 0716cf4c-fe7f-4250-9519-6d4e3f9409decancelled
2023-12-06 13:45:55,696 INFO  OrderHttpRequest - Created HttpRequest: https://testnet.bitmex.com/api/v1/order?orderID=0716cf4c-fe7f-4250-9519-6d4e3f9409de&price=43000.0 PUT
2023-12-06 13:45:56,546 INFO  BitmexClient - Order: 0716cf4c-fe7f-4250-9519-6d4e3f9409decancelled
2023-12-06 13:47:00,504 INFO  OrderHttpRequest - Created HttpRequest: https://testnet.bitmex.com/api/v1/order?orderID=0716cf4c-fe7f-4250-9519-6d4e3f9409de PUT
2023-12-06 13:47:01,409 INFO  BitmexClient - Order: 0716cf4c-fe7f-4250-9519-6d4e3f9409decancelled
2023-12-06 13:48:38,596 INFO  OrderHttpRequest - Created HttpRequest: https://testnet.bitmex.com/api/v1/order?orderID=0716cf4c-fe7f-4250-9519-6d4e3f9409de&price=43000.0 PUT
2023-12-06 13:48:56,031 INFO  OrderHttpRequest - Created HttpRequest: https://testnet.bitmex.com/api/v1/order?orderID=0716cf4c-fe7f-4250-9519-6d4e3f9409de&price=43000.0 PUT
2023-12-06 13:48:56,925 INFO  BitmexClient - Order: 0716cf4c-fe7f-4250-9519-6d4e3f9409dechanged
2023-12-06 13:49:44,803 INFO  OrderHttpRequest - Created HttpRequest: https://testnet.bitmex.com/api/v1/order?orderID=0716cf4c-fe7f-4250-9519-6d4e3f9409de&price=43000.0 PUT
2023-12-06 13:49:45,654 INFO  BitmexClient - Order: 0716cf4c-fe7f-4250-9519-6d4e3f9409dechanged
2023-12-06 13:50:25,607 INFO  OrderHttpRequest - Created HttpRequest: https://testnet.bitmex.com/api/v1/order?orderID=0716cf4c-fe7f-4250-9519-6d4e3f9409de&price=44000.0 PUT
2023-12-06 13:50:26,441 INFO  OrderRepoList - Orders repository created
2023-12-06 13:50:26,445 INFO  BitmexClient - Order: 0716cf4c-fe7f-4250-9519-6d4e3f9409dechanged
2023-12-07 11:50:43,510 INFO  BitmexWebSocketClient - Session is opened
2023-12-07 11:50:43,514 INFO  BitmexWebSocketClient - {"info":"Welcome to the BitMEX Realtime API.","version":"2.0.0","timestamp":"2023-12-07T08:50:42.569Z","docs":"https://www.bitmex.com/app/wsAPI","heartbeatEnabled":false,"limit":{"remaining":179}}
2023-12-07 11:56:45,366 INFO  BitmexWebSocketClient - Session is opened
2023-12-07 11:57:35,688 INFO  BitmexWebSocketClient - Session is opened
2023-12-07 12:00:08,859 ERROR BitmexWebSocketClient - Cannot connect to server.
jakarta.websocket.DeploymentException: Method: Bot.service.BitmexWebSocketClient.onOpen: class java.lang.String has got multiple parameters of identical type.

	at org.glassfish.tyrus.core.ErrorCollector.composeComprehensiveException(ErrorCollector.java:60) ~[tyrus-core-2.1.4.jar:?]
	at org.glassfish.tyrus.client.ClientManager$3.run(ClientManager.java:550) ~[tyrus-client-2.1.4.jar:?]
	at java.util.concurrent.Executors$RunnableAdapter.call(Executors.java:577) ~[?:?]
	at java.util.concurrent.FutureTask.run(FutureTask.java:317) ~[?:?]
	at org.glassfish.tyrus.client.ClientManager$SameThreadExecutorService.execute(ClientManager.java:849) ~[tyrus-client-2.1.4.jar:?]
	at java.util.concurrent.AbstractExecutorService.submit(AbstractExecutorService.java:123) ~[?:?]
	at org.glassfish.tyrus.client.ClientManager.connectToServer(ClientManager.java:493) ~[tyrus-client-2.1.4.jar:?]
	at org.glassfish.tyrus.client.ClientManager.connectToServer(ClientManager.java:355) ~[tyrus-client-2.1.4.jar:?]
	at Bot.service.BitmexWebSocketClient.connect(BitmexWebSocketClient.java:30) ~[classes/:?]
	at Bot.Main.main(Main.java:39) ~[classes/:?]
2023-12-07 12:02:04,231 INFO  BitmexWebSocketClient - Session is opened
2023-12-07 12:03:17,113 INFO  BitmexWebSocketClient - Session is opened
2023-12-07 12:04:27,781 INFO  BitmexWebSocketClient - Session is opened
2023-12-07 12:05:01,233 INFO  BitmexWebSocketClient - Session is opened
2023-12-07 12:05:01,235 INFO  BitmexWebSocketClient - {"info":"Welcome to the BitMEX Realtime API.","version":"2.0.0","timestamp":"2023-12-07T09:05:00.269Z","docs":"https://www.bitmex.com/app/wsAPI","heartbeatEnabled":false,"limit":{"remaining":179}}
2023-12-07 12:06:14,575 INFO  BitmexWebSocketClient - Session is opened
2023-12-07 12:06:14,582 ERROR BitmexWebSocketClient - Error: 
java.lang.NullPointerException: Cannot invoke "String.getBytes(java.nio.charset.Charset)" because "secretKey" is null
	at Bot.model.util.Signature.getSignature(Signature.java:16) ~[classes/:?]
	at Bot.service.BitmexWebSocketClient.onOpen(BitmexWebSocketClient.java:85) ~[classes/:?]
	at jdk.internal.reflect.DirectMethodHandleAccessor.invoke(DirectMethodHandleAccessor.java:104) ~[?:?]
	at java.lang.reflect.Method.invoke(Method.java:578) ~[?:?]
	at org.glassfish.tyrus.core.AnnotatedEndpoint.callMethod(AnnotatedEndpoint.java:556) ~[tyrus-core-2.1.4.jar:?]
	at org.glassfish.tyrus.core.AnnotatedEndpoint.onOpen(AnnotatedEndpoint.java:606) ~[tyrus-core-2.1.4.jar:?]
	at org.glassfish.tyrus.core.TyrusEndpointWrapper.onConnect(TyrusEndpointWrapper.java:761) ~[tyrus-core-2.1.4.jar:?]
	at org.glassfish.tyrus.core.TyrusWebSocket.onConnect(TyrusWebSocket.java:139) ~[tyrus-core-2.1.4.jar:?]
	at org.glassfish.tyrus.client.TyrusClientEngine.processUpgradeResponse(TyrusClientEngine.java:556) ~[tyrus-client-2.1.4.jar:?]
	at org.glassfish.tyrus.client.TyrusClientEngine.handleSwitchProtocol(TyrusClientEngine.java:319) ~[tyrus-client-2.1.4.jar:?]
	at org.glassfish.tyrus.client.TyrusClientEngine.processResponse(TyrusClientEngine.java:256) ~[tyrus-client-2.1.4.jar:?]
	at org.glassfish.tyrus.container.grizzly.client.GrizzlyClientFilter.handleHandshake(GrizzlyClientFilter.java:323) ~[tyrus-container-grizzly-client-2.1.4.jar:?]
	at org.glassfish.tyrus.container.grizzly.client.GrizzlyClientFilter.handleRead(GrizzlyClientFilter.java:292) ~[tyrus-container-grizzly-client-2.1.4.jar:?]
	at org.glassfish.grizzly.filterchain.ExecutorResolver$9.execute(ExecutorResolver.java:88) ~[grizzly-framework-4.0.0.jar:4.0.0]
	at org.glassfish.grizzly.filterchain.DefaultFilterChain.executeFilter(DefaultFilterChain.java:246) ~[grizzly-framework-4.0.0.jar:4.0.0]
	at org.glassfish.grizzly.filterchain.DefaultFilterChain.executeChainPart(DefaultFilterChain.java:178) ~[grizzly-framework-4.0.0.jar:4.0.0]
	at org.glassfish.grizzly.filterchain.DefaultFilterChain.execute(DefaultFilterChain.java:118) ~[grizzly-framework-4.0.0.jar:4.0.0]
	at org.glassfish.grizzly.filterchain.DefaultFilterChain.process(DefaultFilterChain.java:96) ~[grizzly-framework-4.0.0.jar:4.0.0]
	at org.glassfish.grizzly.ProcessorExecutor.execute(ProcessorExecutor.java:51) ~[grizzly-framework-4.0.0.jar:4.0.0]
	at org.glassfish.grizzly.nio.transport.TCPNIOTransport.fireIOEvent(TCPNIOTransport.java:510) ~[grizzly-framework-4.0.0.jar:4.0.0]
	at org.glassfish.grizzly.strategies.AbstractIOStrategy.fireIOEvent(AbstractIOStrategy.java:82) ~[grizzly-framework-4.0.0.jar:4.0.0]
	at org.glassfish.grizzly.strategies.WorkerThreadIOStrategy.run0(WorkerThreadIOStrategy.java:83) ~[grizzly-framework-4.0.0.jar:4.0.0]
	at org.glassfish.grizzly.strategies.WorkerThreadIOStrategy$WorkerThreadRunnable.run(WorkerThreadIOStrategy.java:101) ~[grizzly-framework-4.0.0.jar:4.0.0]
	at org.glassfish.grizzly.threadpool.AbstractThreadPool$Worker.doWork(AbstractThreadPool.java:535) ~[grizzly-framework-4.0.0.jar:4.0.0]
	at org.glassfish.grizzly.threadpool.AbstractThreadPool$Worker.run(AbstractThreadPool.java:515) ~[grizzly-framework-4.0.0.jar:4.0.0]
	at java.lang.Thread.run(Thread.java:1623) ~[?:?]
2023-12-07 12:07:08,209 INFO  BitmexWebSocketClient - Session is opened
2023-12-07 12:11:47,702 INFO  BitmexWebSocketClient - Session is opened
2023-12-07 12:11:47,704 INFO  BitmexWebSocketClient - {"info":"Welcome to the BitMEX Realtime API.","version":"2.0.0","timestamp":"2023-12-07T09:11:46.761Z","docs":"https://www.bitmex.com/app/wsAPI","heartbeatEnabled":false,"limit":{"remaining":179}}
2023-12-07 12:11:47,810 INFO  BitmexWebSocketClient - {"status":400,"error":"Signature is invalid hex; must be even number of characters. Please see the documentation at https://authws.eks-prod.testnet.bitmex/app/wsAPI.","meta":{},"request":{"op":"authKeyExpires","args":["CcFO3TMuN9Itk2MiZKo6Eq4h",1701940367,"Bot.model.util.Signature@6b53bcc2"]}}
2023-12-07 12:11:48,007 INFO  BitmexWebSocketClient - {"status":400,"error":"Unknown table: order_5. Please see the documentation at https://www.bitmex.com/app/wsAPI.","meta":{},"request":{"op":"subscribe","args":"order_5"}}
2023-12-07 12:25:21,040 ERROR BitmexWebSocketClient - Error: 
java.lang.IllegalArgumentException: Argument 'text' cannot be null.
	at org.glassfish.tyrus.core.Utils.checkNotNull(Utils.java:236) ~[tyrus-core-2.1.4.jar:?]
	at org.glassfish.tyrus.core.TyrusRemoteEndpoint$Basic.sendText(TyrusRemoteEndpoint.java:75) ~[tyrus-core-2.1.4.jar:?]
	at Bot.service.BitmexWebSocketClient.onOpen(BitmexWebSocketClient.java:92) ~[classes/:?]
	at jdk.internal.reflect.DirectMethodHandleAccessor.invoke(DirectMethodHandleAccessor.java:104) ~[?:?]
	at java.lang.reflect.Method.invoke(Method.java:578) ~[?:?]
	at org.glassfish.tyrus.core.AnnotatedEndpoint.callMethod(AnnotatedEndpoint.java:556) ~[tyrus-core-2.1.4.jar:?]
	at org.glassfish.tyrus.core.AnnotatedEndpoint.onOpen(AnnotatedEndpoint.java:606) ~[tyrus-core-2.1.4.jar:?]
	at org.glassfish.tyrus.core.TyrusEndpointWrapper.onConnect(TyrusEndpointWrapper.java:761) ~[tyrus-core-2.1.4.jar:?]
	at org.glassfish.tyrus.core.TyrusWebSocket.onConnect(TyrusWebSocket.java:139) ~[tyrus-core-2.1.4.jar:?]
	at org.glassfish.tyrus.client.TyrusClientEngine.processUpgradeResponse(TyrusClientEngine.java:556) ~[tyrus-client-2.1.4.jar:?]
	at org.glassfish.tyrus.client.TyrusClientEngine.handleSwitchProtocol(TyrusClientEngine.java:319) ~[tyrus-client-2.1.4.jar:?]
	at org.glassfish.tyrus.client.TyrusClientEngine.processResponse(TyrusClientEngine.java:256) ~[tyrus-client-2.1.4.jar:?]
	at org.glassfish.tyrus.container.grizzly.client.GrizzlyClientFilter.handleHandshake(GrizzlyClientFilter.java:323) ~[tyrus-container-grizzly-client-2.1.4.jar:?]
	at org.glassfish.tyrus.container.grizzly.client.GrizzlyClientFilter.handleRead(GrizzlyClientFilter.java:292) ~[tyrus-container-grizzly-client-2.1.4.jar:?]
	at org.glassfish.grizzly.filterchain.ExecutorResolver$9.execute(ExecutorResolver.java:88) ~[grizzly-framework-4.0.0.jar:4.0.0]
	at org.glassfish.grizzly.filterchain.DefaultFilterChain.executeFilter(DefaultFilterChain.java:246) ~[grizzly-framework-4.0.0.jar:4.0.0]
	at org.glassfish.grizzly.filterchain.DefaultFilterChain.executeChainPart(DefaultFilterChain.java:178) ~[grizzly-framework-4.0.0.jar:4.0.0]
	at org.glassfish.grizzly.filterchain.DefaultFilterChain.execute(DefaultFilterChain.java:118) ~[grizzly-framework-4.0.0.jar:4.0.0]
	at org.glassfish.grizzly.filterchain.DefaultFilterChain.process(DefaultFilterChain.java:96) ~[grizzly-framework-4.0.0.jar:4.0.0]
	at org.glassfish.grizzly.ProcessorExecutor.execute(ProcessorExecutor.java:51) ~[grizzly-framework-4.0.0.jar:4.0.0]
	at org.glassfish.grizzly.nio.transport.TCPNIOTransport.fireIOEvent(TCPNIOTransport.java:510) ~[grizzly-framework-4.0.0.jar:4.0.0]
	at org.glassfish.grizzly.strategies.AbstractIOStrategy.fireIOEvent(AbstractIOStrategy.java:82) ~[grizzly-framework-4.0.0.jar:4.0.0]
	at org.glassfish.grizzly.strategies.WorkerThreadIOStrategy.run0(WorkerThreadIOStrategy.java:83) ~[grizzly-framework-4.0.0.jar:4.0.0]
	at org.glassfish.grizzly.strategies.WorkerThreadIOStrategy$WorkerThreadRunnable.run(WorkerThreadIOStrategy.java:101) ~[grizzly-framework-4.0.0.jar:4.0.0]
	at org.glassfish.grizzly.threadpool.AbstractThreadPool$Worker.doWork(AbstractThreadPool.java:535) ~[grizzly-framework-4.0.0.jar:4.0.0]
	at org.glassfish.grizzly.threadpool.AbstractThreadPool$Worker.run(AbstractThreadPool.java:515) ~[grizzly-framework-4.0.0.jar:4.0.0]
	at java.lang.Thread.run(Thread.java:1623) ~[?:?]
2023-12-07 12:32:45,070 INFO  BitmexWebSocketClient - {"info":"Welcome to the BitMEX Realtime API.","version":"2.0.0","timestamp":"2023-12-07T09:32:43.978Z","docs":"https://www.bitmex.com/app/wsAPI","heartbeatEnabled":false,"limit":{"remaining":179}}
2023-12-07 12:32:45,070 INFO  BitmexWebSocketClient - Session is opened
2023-12-07 12:35:53,494 ERROR BitmexWebSocketClient - Cannot connect to server.
jakarta.websocket.DeploymentException: Connection failed.
	at org.glassfish.tyrus.container.grizzly.client.GrizzlyClientSocket._connect(GrizzlyClientSocket.java:419) ~[tyrus-container-grizzly-client-2.1.4.jar:?]
	at org.glassfish.tyrus.container.grizzly.client.GrizzlyClientSocket$1.call(GrizzlyClientSocket.java:217) ~[tyrus-container-grizzly-client-2.1.4.jar:?]
	at org.glassfish.tyrus.container.grizzly.client.GrizzlyClientSocket$1.call(GrizzlyClientSocket.java:213) ~[tyrus-container-grizzly-client-2.1.4.jar:?]
	at org.glassfish.tyrus.container.grizzly.client.GrizzlyClientSocket.connect(GrizzlyClientSocket.java:231) ~[tyrus-container-grizzly-client-2.1.4.jar:?]
	at org.glassfish.tyrus.container.grizzly.client.GrizzlyClientContainer.openClientSocket(GrizzlyClientContainer.java:72) ~[tyrus-container-grizzly-client-2.1.4.jar:?]
	at org.glassfish.tyrus.client.ClientManager$3$1.run(ClientManager.java:647) ~[tyrus-client-2.1.4.jar:?]
	at org.glassfish.tyrus.client.ClientManager$3.run(ClientManager.java:696) ~[tyrus-client-2.1.4.jar:?]
	at java.util.concurrent.Executors$RunnableAdapter.call(Executors.java:577) ~[?:?]
	at java.util.concurrent.FutureTask.run(FutureTask.java:317) ~[?:?]
	at org.glassfish.tyrus.client.ClientManager$SameThreadExecutorService.execute(ClientManager.java:849) ~[tyrus-client-2.1.4.jar:?]
	at java.util.concurrent.AbstractExecutorService.submit(AbstractExecutorService.java:123) ~[?:?]
	at org.glassfish.tyrus.client.ClientManager.connectToServer(ClientManager.java:493) ~[tyrus-client-2.1.4.jar:?]
	at org.glassfish.tyrus.client.ClientManager.connectToServer(ClientManager.java:355) ~[tyrus-client-2.1.4.jar:?]
	at Bot.service.BitmexWebSocketClient.connect(BitmexWebSocketClient.java:30) ~[classes/:?]
	at Bot.Main.main(Main.java:39) ~[classes/:?]
Caused by: java.nio.channels.UnresolvedAddressException
	at sun.nio.ch.Net.checkAddress(Net.java:149) ~[?:?]
	at sun.nio.ch.Net.checkAddress(Net.java:157) ~[?:?]
	at sun.nio.ch.SocketChannelImpl.checkRemote(SocketChannelImpl.java:842) ~[?:?]
	at sun.nio.ch.SocketChannelImpl.connect(SocketChannelImpl.java:865) ~[?:?]
	at org.glassfish.grizzly.nio.transport.TCPNIOConnectorHandler.connectAsync(TCPNIOConnectorHandler.java:114) ~[grizzly-framework-4.0.0.jar:4.0.0]
	at org.glassfish.grizzly.AbstractSocketConnectorHandler.connect(AbstractSocketConnectorHandler.java:65) ~[grizzly-framework-4.0.0.jar:4.0.0]
	at org.glassfish.grizzly.AbstractSocketConnectorHandler.connect(AbstractSocketConnectorHandler.java:55) ~[grizzly-framework-4.0.0.jar:4.0.0]
	at org.glassfish.tyrus.container.grizzly.client.GrizzlyClientSocket._connect(GrizzlyClientSocket.java:372) ~[tyrus-container-grizzly-client-2.1.4.jar:?]
	... 14 more
2023-12-07 12:37:29,250 INFO  BitmexWebSocketClient - Session is opened
2023-12-07 12:44:27,296 INFO  BitmexWebSocketClient - Session is opened
2023-12-07 12:44:27,311 INFO  BitmexWebSocketClient - {"info":"Welcome to the BitMEX Realtime API.","version":"2.0.0","timestamp":"2023-12-07T09:44:26.351Z","docs":"https://www.bitmex.com/app/wsAPI","heartbeatEnabled":false,"limit":{"remaining":179}}
2023-12-07 12:44:27,405 INFO  BitmexWebSocketClient - {"status":400,"error":"Signature is invalid hex; must be even number of characters. Please see the documentation at https://authws.eks-prod.testnet.bitmex/app/wsAPI.","meta":{},"request":{"op":"authKeyExpires","args":["CcFO3TMuN9Itk2MiZKo6Eq4h",1701942327,"Bot.model.util.Signature@66a68288"]}}
2023-12-07 12:46:12,336 INFO  BitmexWebSocketClient - Session is opened
2023-12-07 12:46:12,351 INFO  BitmexWebSocketClient - {"info":"Welcome to the BitMEX Realtime API.","version":"2.0.0","timestamp":"2023-12-07T09:46:11.372Z","docs":"https://www.bitmex.com/app/wsAPI","heartbeatEnabled":false,"limit":{"remaining":179}}
2023-12-07 12:46:12,447 INFO  BitmexWebSocketClient - {"status":400,"error":"Signature is invalid hex; must be even number of characters. Please see the documentation at https://authws.eks-prod.testnet.bitmex/app/wsAPI.","meta":{},"request":{"op":"authKeyExpires","args":["CcFO3TMuN9Itk2MiZKo6Eq4h",1701942432,"Bot.model.util.Signature@66a68288"]}}
2023-12-07 12:53:29,088 INFO  BitmexWebSocketClient - {"info":"Welcome to the BitMEX Realtime API.","version":"2.0.0","timestamp":"2023-12-07T09:53:27.993Z","docs":"https://www.bitmex.com/app/wsAPI","heartbeatEnabled":false,"limit":{"remaining":179}}
2023-12-07 12:53:29,199 INFO  BitmexWebSocketClient - {"success":true,"request":{"op":"authKeyExpires","args":["CcFO3TMuN9Itk2MiZKo6Eq4h",1701942867,"adb2cade9a3f76a1ebdad6be2f4837dc79657e65142e5f3f326a3441107ded0f"]}}
2023-12-07 12:56:20,651 INFO  BitmexWebSocketClient - {"info":"Welcome to the BitMEX Realtime API.","version":"2.0.0","timestamp":"2023-12-07T09:56:19.516Z","docs":"https://www.bitmex.com/app/wsAPI","heartbeatEnabled":false,"limit":{"remaining":179}}
2023-12-07 12:56:20,747 INFO  BitmexWebSocketClient - {"success":true,"request":{"op":"authKeyExpires","args":["CcFO3TMuN9Itk2MiZKo6Eq4h",1701943039,"ef9411cbe2b0111c18b727b3964ba407071c3e567be26d9eb3cbbe55f5ef8250"]}}
2023-12-07 13:00:08,166 INFO  BitmexWebSocketClient - {"info":"Welcome to the BitMEX Realtime API.","version":"2.0.0","timestamp":"2023-12-07T10:00:07.065Z","docs":"https://www.bitmex.com/app/wsAPI","heartbeatEnabled":false,"limit":{"remaining":179}}
2023-12-07 13:00:08,270 INFO  BitmexWebSocketClient - {"success":true,"request":{"op":"authKeyExpires","args":["CcFO3TMuN9Itk2MiZKo6Eq4h",1701943266,"4b3a994d256e73c71aa7a28d0ab4bbe2770be5e6e03d0ccb3662b0dcda688150"]}}
2023-12-07 13:03:26,828 INFO  BitmexWebSocketClient - {"info":"Welcome to the BitMEX Realtime API.","version":"2.0.0","timestamp":"2023-12-07T10:03:25.726Z","docs":"https://www.bitmex.com/app/wsAPI","heartbeatEnabled":false,"limit":{"remaining":179}}
2023-12-07 13:03:26,939 INFO  BitmexWebSocketClient - {"success":true,"request":{"op":"authKeyExpires","args":["CcFO3TMuN9Itk2MiZKo6Eq4h",1701943465,"9abca8e395899c19b04b09d6c282cdf757b6b52f17cdc13d92e2e24451efabb5"]}}
2023-12-07 13:03:47,044 INFO  BitmexWebSocketClient - {"info":"Welcome to the BitMEX Realtime API.","version":"2.0.0","timestamp":"2023-12-07T10:03:45.916Z","docs":"https://www.bitmex.com/app/wsAPI","heartbeatEnabled":false,"limit":{"remaining":179}}
2023-12-07 13:03:47,152 INFO  BitmexWebSocketClient - {"success":true,"request":{"op":"authKeyExpires","args":["CcFO3TMuN9Itk2MiZKo6Eq4h",1701943485,"a12f14b018303a67f6b8d5408745ebe10480c5e22a5f93ce5696f54f97edc3ed"]}}
2023-12-07 13:04:03,950 INFO  BitmexWebSocketClient - {"info":"Welcome to the BitMEX Realtime API.","version":"2.0.0","timestamp":"2023-12-07T10:04:02.856Z","docs":"https://www.bitmex.com/app/wsAPI","heartbeatEnabled":false,"limit":{"remaining":178}}
2023-12-07 13:04:04,041 INFO  BitmexWebSocketClient - {"success":true,"request":{"op":"authKeyExpires","args":["CcFO3TMuN9Itk2MiZKo6Eq4h",1701943502,"3457dbf3b1f1deb9e973205d2a00c3c6f26008af07844a9b9bb4bfcea51f587f"]}}
2023-12-07 13:04:17,950 INFO  BitmexWebSocketClient - {"info":"Welcome to the BitMEX Realtime API.","version":"2.0.0","timestamp":"2023-12-07T10:04:16.856Z","docs":"https://www.bitmex.com/app/wsAPI","heartbeatEnabled":false,"limit":{"remaining":178}}
2023-12-07 13:04:18,045 INFO  BitmexWebSocketClient - {"success":true,"request":{"op":"authKeyExpires","args":["CcFO3TMuN9Itk2MiZKo6Eq4h",1701943516,"e9af00d9631ee9c928a87e2570e606ec07f8ffbc7e14cbb9139fe18fb8241142"]}}
2023-12-07 13:04:40,030 INFO  BitmexWebSocketClient - {"info":"Welcome to the BitMEX Realtime API.","version":"2.0.0","timestamp":"2023-12-07T10:04:38.930Z","docs":"https://www.bitmex.com/app/wsAPI","heartbeatEnabled":false,"limit":{"remaining":178}}
2023-12-07 13:04:53,522 INFO  BitmexWebSocketClient - {"info":"Welcome to the BitMEX Realtime API.","version":"2.0.0","timestamp":"2023-12-07T10:04:52.419Z","docs":"https://www.bitmex.com/app/wsAPI","heartbeatEnabled":false,"limit":{"remaining":178}}
2023-12-07 13:05:03,751 INFO  BitmexWebSocketClient - {"info":"Welcome to the BitMEX Realtime API.","version":"2.0.0","timestamp":"2023-12-07T10:05:02.644Z","docs":"https://www.bitmex.com/app/wsAPI","heartbeatEnabled":false,"limit":{"remaining":177}}
2023-12-07 13:05:15,896 INFO  BitmexWebSocketClient - {"info":"Welcome to the BitMEX Realtime API.","version":"2.0.0","timestamp":"2023-12-07T10:05:14.801Z","docs":"https://www.bitmex.com/app/wsAPI","heartbeatEnabled":false,"limit":{"remaining":177}}
2023-12-07 13:05:15,996 INFO  BitmexWebSocketClient - {"success":true,"request":{"op":"authKeyExpires","args":["CcFO3TMuN9Itk2MiZKo6Eq4h",1701943574,"bb53d9d6101b8252db668633ac24d6942d148f680fbfdc7da80470beb02cd3a7"]}}
2023-12-07 13:08:32,555 INFO  BitmexWebSocketClient - {"info":"Welcome to the BitMEX Realtime API.","version":"2.0.0","timestamp":"2023-12-07T10:08:31.457Z","docs":"https://www.bitmex.com/app/wsAPI","heartbeatEnabled":false,"limit":{"remaining":179}}
2023-12-07 13:10:47,937 INFO  BitmexWebSocketClient - {"info":"Welcome to the BitMEX Realtime API.","version":"2.0.0","timestamp":"2023-12-07T10:10:46.830Z","docs":"https://www.bitmex.com/app/wsAPI","heartbeatEnabled":false,"limit":{"remaining":179}}
2023-12-07 13:10:48,353 INFO  BitmexWebSocketClient - {"success":true,"request":{"op":"authKeyExpires","args":["CcFO3TMuN9Itk2MiZKo6Eq4h",1701943906,"2dd63e281152623737a7c1e17d283500c18e9e4747899930e6531e8e6724ebb9"]}}
2023-12-07 13:10:48,354 INFO  BitmexWebSocketClient - {"status":400,"error":"Unknown table: order_25. Please see the documentation at https://www.bitmex.com/app/wsAPI.","meta":{},"request":{"op":"subscribe","args":"order_25"}}
2023-12-07 13:11:42,978 INFO  BitmexWebSocketClient - {"info":"Welcome to the BitMEX Realtime API.","version":"2.0.0","timestamp":"2023-12-07T10:11:41.885Z","docs":"https://www.bitmex.com/app/wsAPI","heartbeatEnabled":false,"limit":{"remaining":179}}
2023-12-07 13:11:43,372 INFO  BitmexWebSocketClient - {"success":true,"request":{"op":"authKeyExpires","args":["CcFO3TMuN9Itk2MiZKo6Eq4h",1701943961,"42d566f2e7bca6ab414d3eb6b2dbe5a1432085ae35de92e7cea974e31674ae41"]}}
2023-12-07 13:11:43,379 INFO  BitmexWebSocketClient - {"success":true,"subscribe":"order","request":{"op":"subscribe","args":"order"}}
2023-12-07 13:11:43,380 INFO  BitmexWebSocketClient - {"table":"order","action":"partial","keys":["orderID"],"types":{"orderID":"guid","clOrdID":"string","clOrdLinkID":"string","account":"long","symbol":"symbol","side":"symbol","orderQty":"long","price":"float","displayQty":"long","stopPx":"float","pegOffsetValue":"float","pegPriceType":"symbol","currency":"symbol","settlCurrency":"symbol","ordType":"symbol","timeInForce":"symbol","execInst":"symbol","contingencyType":"symbol","ordStatus":"symbol","triggered":"symbol","workingIndicator":"boolean","ordRejReason":"string","leavesQty":"long","cumQty":"long","avgPx":"float","text":"string","transactTime":"timestamp","timestamp":"timestamp"},"filter":{"account":412275},"data":[{"orderID":"8e8a00c7-9638-4e78-b185-c76379c4074b","account":412275,"symbol":"XBTUSD","side":"Buy","orderQty":100,"price":40000.0,"currency":"USD","settlCurrency":"XBt","ordType":"Limit","timeInForce":"GoodTillCancel","ordStatus":"New","workingIndicator":true,"leavesQty":100,"cumQty":0,"text":"Submitted via API.","transactTime":"2023-12-06T09:50:09.929Z","timestamp":"2023-12-06T09:50:09.929Z"},{"orderID":"c1ea9b68-d200-4761-856d-e3835f0a775d","account":412275,"symbol":"XBTUSD","side":"Buy","orderQty":100,"price":30000.0,"currency":"USD","settlCurrency":"XBt","ordType":"Limit","timeInForce":"GoodTillCancel","ordStatus":"New","workingIndicator":true,"leavesQty":100,"cumQty":0,"text":"Submitted via API.","transactTime":"2023-12-06T10:21:25.920Z","timestamp":"2023-12-06T10:21:25.920Z"}]}
2023-12-07 13:14:01,901 INFO  OrderHttpRequest - Created HttpRequest: https://testnet.bitmex.com/api/v1/order POST
2023-12-07 13:14:02,530 INFO  OrderRepoList - Orders repository created
2023-12-07 13:14:02,531 INFO  BitmexClient - Order: {"symbol":"XBTUSD","side":"Buy","orderQty":100.0,"price":30000.0,"ordType":"Limit"}created
2023-12-07 13:14:55,369 INFO  BitmexWebSocketClient - {"info":"Welcome to the BitMEX Realtime API.","version":"2.0.0","timestamp":"2023-12-07T10:14:54.262Z","docs":"https://www.bitmex.com/app/wsAPI","heartbeatEnabled":false,"limit":{"remaining":179}}
2023-12-07 13:14:55,487 INFO  BitmexWebSocketClient - {"success":true,"request":{"op":"authKeyExpires","args":["CcFO3TMuN9Itk2MiZKo6Eq4h",1701944154,"38478b26693dff0fb50b5894c1de4c575ccdd5a6f18ce48f211d261815fccc3f"]}}
2023-12-07 13:14:55,488 INFO  BitmexWebSocketClient - {"success":true,"subscribe":"order","request":{"op":"subscribe","args":"order"}}
2023-12-07 13:14:55,489 INFO  BitmexWebSocketClient - {"table":"order","action":"partial","keys":["orderID"],"types":{"orderID":"guid","clOrdID":"string","clOrdLinkID":"string","account":"long","symbol":"symbol","side":"symbol","orderQty":"long","price":"float","displayQty":"long","stopPx":"float","pegOffsetValue":"float","pegPriceType":"symbol","currency":"symbol","settlCurrency":"symbol","ordType":"symbol","timeInForce":"symbol","execInst":"symbol","contingencyType":"symbol","ordStatus":"symbol","triggered":"symbol","workingIndicator":"boolean","ordRejReason":"string","leavesQty":"long","cumQty":"long","avgPx":"float","text":"string","transactTime":"timestamp","timestamp":"timestamp"},"filter":{"account":412275},"data":[{"orderID":"1d9750c2-4b9e-4c55-9875-740e70d25bd1","account":412275,"symbol":"XBTUSD","side":"Buy","orderQty":100,"price":30000.0,"currency":"USD","settlCurrency":"XBt","ordType":"Limit","timeInForce":"GoodTillCancel","ordStatus":"New","workingIndicator":true,"leavesQty":100,"cumQty":0,"text":"Submitted via API.","transactTime":"2023-12-07T10:14:01.572Z","timestamp":"2023-12-07T10:14:01.572Z"},{"orderID":"8e8a00c7-9638-4e78-b185-c76379c4074b","account":412275,"symbol":"XBTUSD","side":"Buy","orderQty":100,"price":40000.0,"currency":"USD","settlCurrency":"XBt","ordType":"Limit","timeInForce":"GoodTillCancel","ordStatus":"New","workingIndicator":true,"leavesQty":100,"cumQty":0,"text":"Submitted via API.","transactTime":"2023-12-06T09:50:09.929Z","timestamp":"2023-12-06T09:50:09.929Z"},{"orderID":"c1ea9b68-d200-4761-856d-e3835f0a775d","account":412275,"symbol":"XBTUSD","side":"Buy","orderQty":100,"price":30000.0,"currency":"USD","settlCurrency":"XBt","ordType":"Limit","timeInForce":"GoodTillCancel","ordStatus":"New","workingIndicator":true,"leavesQty":100,"cumQty":0,"text":"Submitted via API.","transactTime":"2023-12-06T10:21:25.920Z","timestamp":"2023-12-06T10:21:25.920Z"}]}
2023-12-07 13:17:34,776 INFO  BitmexWebSocketClient - {"info":"Welcome to the BitMEX Realtime API.","version":"2.0.0","timestamp":"2023-12-07T10:17:33.677Z","docs":"https://www.bitmex.com/app/wsAPI","heartbeatEnabled":false,"limit":{"remaining":179}}
2023-12-07 13:17:34,888 INFO  BitmexWebSocketClient - {"success":true,"request":{"op":"authKeyExpires","args":["CcFO3TMuN9Itk2MiZKo6Eq4h",1701944313,"cc088ee431c5c91aa821a15dd5cefb2af544f7c56704f762154179f51b791272"]}}
2023-12-07 13:17:34,889 INFO  BitmexWebSocketClient - {"status":400,"error":"Unknown table: 1d9750c2-4b9e-4c55-9875-740e70d25bd1. Please see the documentation at https://www.bitmex.com/app/wsAPI.","meta":{},"request":{"op":"subscribe","args":"1d9750c2-4b9e-4c55-9875-740e70d25bd1"}}
2023-12-07 13:18:43,774 INFO  BitmexWebSocketClient - {"info":"Welcome to the BitMEX Realtime API.","version":"2.0.0","timestamp":"2023-12-07T10:18:42.672Z","docs":"https://www.bitmex.com/app/wsAPI","heartbeatEnabled":false,"limit":{"remaining":179}}
2023-12-07 13:18:43,865 INFO  BitmexWebSocketClient - {"success":true,"request":{"op":"authKeyExpires","args":["CcFO3TMuN9Itk2MiZKo6Eq4h",1701944382,"1dca8af5851563e27110edb70908406bee8477d64a4b06d1030588795789537e"]}}
2023-12-07 13:18:43,866 INFO  BitmexWebSocketClient - {"success":true,"subscribe":"order","request":{"op":"subscribe","args":"order"}}
2023-12-07 13:18:43,866 INFO  BitmexWebSocketClient - {"table":"order","action":"partial","keys":["orderID"],"types":{"orderID":"guid","clOrdID":"string","clOrdLinkID":"string","account":"long","symbol":"symbol","side":"symbol","orderQty":"long","price":"float","displayQty":"long","stopPx":"float","pegOffsetValue":"float","pegPriceType":"symbol","currency":"symbol","settlCurrency":"symbol","ordType":"symbol","timeInForce":"symbol","execInst":"symbol","contingencyType":"symbol","ordStatus":"symbol","triggered":"symbol","workingIndicator":"boolean","ordRejReason":"string","leavesQty":"long","cumQty":"long","avgPx":"float","text":"string","transactTime":"timestamp","timestamp":"timestamp"},"filter":{"account":412275},"data":[{"orderID":"1d9750c2-4b9e-4c55-9875-740e70d25bd1","account":412275,"symbol":"XBTUSD","side":"Buy","orderQty":100,"price":30000.0,"currency":"USD","settlCurrency":"XBt","ordType":"Limit","timeInForce":"GoodTillCancel","ordStatus":"New","workingIndicator":true,"leavesQty":100,"cumQty":0,"text":"Submitted via API.","transactTime":"2023-12-07T10:14:01.572Z","timestamp":"2023-12-07T10:14:01.572Z"},{"orderID":"8e8a00c7-9638-4e78-b185-c76379c4074b","account":412275,"symbol":"XBTUSD","side":"Buy","orderQty":100,"price":40000.0,"currency":"USD","settlCurrency":"XBt","ordType":"Limit","timeInForce":"GoodTillCancel","ordStatus":"New","workingIndicator":true,"leavesQty":100,"cumQty":0,"text":"Submitted via API.","transactTime":"2023-12-06T09:50:09.929Z","timestamp":"2023-12-06T09:50:09.929Z"},{"orderID":"c1ea9b68-d200-4761-856d-e3835f0a775d","account":412275,"symbol":"XBTUSD","side":"Buy","orderQty":100,"price":30000.0,"currency":"USD","settlCurrency":"XBt","ordType":"Limit","timeInForce":"GoodTillCancel","ordStatus":"New","workingIndicator":true,"leavesQty":100,"cumQty":0,"text":"Submitted via API.","transactTime":"2023-12-06T10:21:25.920Z","timestamp":"2023-12-06T10:21:25.920Z"}]}
2023-12-07 13:24:18,812 INFO  BitmexWebSocketClient - {"info":"Welcome to the BitMEX Realtime API.","version":"2.0.0","timestamp":"2023-12-07T10:24:17.710Z","docs":"https://www.bitmex.com/app/wsAPI","heartbeatEnabled":false,"limit":{"remaining":179}}
2023-12-07 13:24:18,930 INFO  BitmexWebSocketClient - {"success":true,"request":{"op":"authKeyExpires","args":["CcFO3TMuN9Itk2MiZKo6Eq4h",1701944717,"a15e5af7915765243b4228fe2591cb00bc83dce44ff4403e925d905763f5121c"]}}
2023-12-07 13:24:18,933 INFO  BitmexWebSocketClient - {"success":true,"subscribe":"order","request":{"op":"subscribe","args":"order"}}
2023-12-07 13:24:18,934 INFO  BitmexWebSocketClient - {"table":"order","action":"partial","keys":["orderID"],"types":{"orderID":"guid","clOrdID":"string","clOrdLinkID":"string","account":"long","symbol":"symbol","side":"symbol","orderQty":"long","price":"float","displayQty":"long","stopPx":"float","pegOffsetValue":"float","pegPriceType":"symbol","currency":"symbol","settlCurrency":"symbol","ordType":"symbol","timeInForce":"symbol","execInst":"symbol","contingencyType":"symbol","ordStatus":"symbol","triggered":"symbol","workingIndicator":"boolean","ordRejReason":"string","leavesQty":"long","cumQty":"long","avgPx":"float","text":"string","transactTime":"timestamp","timestamp":"timestamp"},"filter":{"account":412275},"data":[{"orderID":"1d9750c2-4b9e-4c55-9875-740e70d25bd1","account":412275,"symbol":"XBTUSD","side":"Buy","orderQty":100,"price":30000.0,"currency":"USD","settlCurrency":"XBt","ordType":"Limit","timeInForce":"GoodTillCancel","ordStatus":"New","workingIndicator":true,"leavesQty":100,"cumQty":0,"text":"Submitted via API.","transactTime":"2023-12-07T10:14:01.572Z","timestamp":"2023-12-07T10:14:01.572Z"},{"orderID":"c1ea9b68-d200-4761-856d-e3835f0a775d","account":412275,"symbol":"XBTUSD","side":"Buy","orderQty":100,"price":30000.0,"currency":"USD","settlCurrency":"XBt","ordType":"Limit","timeInForce":"GoodTillCancel","ordStatus":"New","workingIndicator":true,"leavesQty":100,"cumQty":0,"text":"Submitted via API.","transactTime":"2023-12-06T10:21:25.920Z","timestamp":"2023-12-06T10:21:25.920Z"}]}
2023-12-07 13:26:23,981 INFO  OrderHttpRequest - Created HttpRequest: https://testnet.bitmex.com/api/v1/order POST
2023-12-07 13:26:24,715 INFO  OrderRepoList - Orders repository created
2023-12-07 13:26:24,716 INFO  BitmexClient - Order: {"symbol":"XBTUSD","side":"Buy","orderQty":100.0,"price":30000.0,"ordType":"Limit"}created
2023-12-07 13:26:54,635 INFO  BitmexWebSocketClient - {"info":"Welcome to the BitMEX Realtime API.","version":"2.0.0","timestamp":"2023-12-07T10:26:53.545Z","docs":"https://www.bitmex.com/app/wsAPI","heartbeatEnabled":false,"limit":{"remaining":179}}
2023-12-07 13:26:54,735 INFO  BitmexWebSocketClient - {"success":true,"request":{"op":"authKeyExpires","args":["CcFO3TMuN9Itk2MiZKo6Eq4h",1701944873,"854027fdc406950f83d0125ae22c94c7b59e0ed0d1d08d81d82f5bca9ed61d2f"]}}
2023-12-07 13:26:54,740 INFO  BitmexWebSocketClient - {"success":true,"subscribe":"order","request":{"op":"subscribe","args":"order"}}
2023-12-07 13:26:54,740 INFO  BitmexWebSocketClient - {"table":"order","action":"partial","keys":["orderID"],"types":{"orderID":"guid","clOrdID":"string","clOrdLinkID":"string","account":"long","symbol":"symbol","side":"symbol","orderQty":"long","price":"float","displayQty":"long","stopPx":"float","pegOffsetValue":"float","pegPriceType":"symbol","currency":"symbol","settlCurrency":"symbol","ordType":"symbol","timeInForce":"symbol","execInst":"symbol","contingencyType":"symbol","ordStatus":"symbol","triggered":"symbol","workingIndicator":"boolean","ordRejReason":"string","leavesQty":"long","cumQty":"long","avgPx":"float","text":"string","transactTime":"timestamp","timestamp":"timestamp"},"filter":{"account":412275},"data":[{"orderID":"1d9750c2-4b9e-4c55-9875-740e70d25bd1","account":412275,"symbol":"XBTUSD","side":"Buy","orderQty":100,"price":30000.0,"currency":"USD","settlCurrency":"XBt","ordType":"Limit","timeInForce":"GoodTillCancel","ordStatus":"New","workingIndicator":true,"leavesQty":100,"cumQty":0,"text":"Submitted via API.","transactTime":"2023-12-07T10:14:01.572Z","timestamp":"2023-12-07T10:14:01.572Z"},{"orderID":"7af33452-8f5e-47ad-a5ef-28b0a992d0e8","account":412275,"symbol":"XBTUSD","side":"Buy","orderQty":100,"price":30000.0,"currency":"USD","settlCurrency":"XBt","ordType":"Limit","timeInForce":"GoodTillCancel","ordStatus":"New","workingIndicator":true,"leavesQty":100,"cumQty":0,"text":"Submitted via API.","transactTime":"2023-12-07T10:26:23.765Z","timestamp":"2023-12-07T10:26:23.765Z"}]}
2023-12-07 13:28:15,615 INFO  BitmexWebSocketClient - {"info":"Welcome to the BitMEX Realtime API.","version":"2.0.0","timestamp":"2023-12-07T10:28:14.503Z","docs":"https://www.bitmex.com/app/wsAPI","heartbeatEnabled":false,"limit":{"remaining":179}}
2023-12-07 13:28:15,709 INFO  BitmexWebSocketClient - {"success":true,"request":{"op":"authKeyExpires","args":["CcFO3TMuN9Itk2MiZKo6Eq4h",1701944954,"20c230f36f3908de11e1a2dd12d22de6457691b48599eb268ea0d5b4dcdd7351"]}}
2023-12-07 13:28:15,712 INFO  BitmexWebSocketClient - {"success":true,"subscribe":"order","request":{"op":"subscribe","args":"order"}}
2023-12-07 13:28:15,713 INFO  BitmexWebSocketClient - {"table":"order","action":"partial","keys":["orderID"],"types":{"orderID":"guid","clOrdID":"string","clOrdLinkID":"string","account":"long","symbol":"symbol","side":"symbol","orderQty":"long","price":"float","displayQty":"long","stopPx":"float","pegOffsetValue":"float","pegPriceType":"symbol","currency":"symbol","settlCurrency":"symbol","ordType":"symbol","timeInForce":"symbol","execInst":"symbol","contingencyType":"symbol","ordStatus":"symbol","triggered":"symbol","workingIndicator":"boolean","ordRejReason":"string","leavesQty":"long","cumQty":"long","avgPx":"float","text":"string","transactTime":"timestamp","timestamp":"timestamp"},"filter":{"account":412275},"data":[{"orderID":"1d9750c2-4b9e-4c55-9875-740e70d25bd1","account":412275,"symbol":"XBTUSD","side":"Buy","orderQty":100,"price":30000.0,"currency":"USD","settlCurrency":"XBt","ordType":"Limit","timeInForce":"GoodTillCancel","ordStatus":"New","workingIndicator":true,"leavesQty":100,"cumQty":0,"text":"Submitted via API.","transactTime":"2023-12-07T10:14:01.572Z","timestamp":"2023-12-07T10:14:01.572Z"},{"orderID":"7af33452-8f5e-47ad-a5ef-28b0a992d0e8","account":412275,"symbol":"XBTUSD","side":"Buy","orderQty":100,"price":30000.0,"currency":"USD","settlCurrency":"XBt","ordType":"Limit","timeInForce":"GoodTillCancel","ordStatus":"New","workingIndicator":true,"leavesQty":100,"cumQty":0,"text":"Submitted via API.","transactTime":"2023-12-07T10:26:23.765Z","timestamp":"2023-12-07T10:26:23.765Z"}]}
2023-12-07 13:30:12,859 INFO  BitmexWebSocketClient - {"info":"Welcome to the BitMEX Realtime API.","version":"2.0.0","timestamp":"2023-12-07T10:30:11.761Z","docs":"https://www.bitmex.com/app/wsAPI","heartbeatEnabled":false,"limit":{"remaining":179}}
2023-12-07 13:30:12,986 INFO  BitmexWebSocketClient - {"success":true,"request":{"op":"authKeyExpires","args":["CcFO3TMuN9Itk2MiZKo6Eq4h",1701945071,"40d070a49b2fa3f62b40c766fdea5438294550aac1255328f046f9c7f4791863"]}}
2023-12-07 13:30:12,986 INFO  BitmexWebSocketClient - {"success":true,"subscribe":"orderBookL2_25:XBTUSD","request":{"op":"subscribe","args":"orderBookL2_25:XBTUSD"}}
2023-12-07 13:30:12,991 INFO  BitmexWebSocketClient - {"table":"orderBookL2_25","action":"partial","keys":["symbol","id","side"],"types":{"symbol":"symbol","id":"long","side":"symbol","size":"long","price":"float","timestamp":"timestamp"},"filter":{"symbol":"XBTUSD"},"data":[{"symbol":"XBTUSD","id":1000522,"side":"Sell","size":2400,"price":45757.0,"timestamp":"2023-12-07T10:30:12.051Z"},{"symbol":"XBTUSD","id":702957257,"side":"Sell","size":1026900,"price":45535.0,"timestamp":"2023-12-07T10:30:12.051Z"},{"symbol":"XBTUSD","id":702959191,"side":"Sell","size":1036900,"price":45244.5,"timestamp":"2023-12-07T10:30:12.051Z"},{"symbol":"XBTUSD","id":697925376,"side":"Sell","size":500,"price":45048.0,"timestamp":"2023-12-07T10:30:12.051Z"},{"symbol":"XBTUSD","id":1000553,"side":"Sell","size":12000,"price":45000.0,"timestamp":"2023-12-07T10:30:12.051Z"},{"symbol":"XBTUSD","id":702947077,"side":"Sell","size":1019800,"price":44959.0,"timestamp":"2023-12-07T10:30:12.051Z"},{"symbol":"XBTUSD","id":702955070,"side":"Sell","size":1036900,"price":44812.5,"timestamp":"2023-12-07T10:30:12.051Z"},{"symbol":"XBTUSD","id":702961193,"side":"Sell","size":1039200,"price":44516.5,"timestamp":"2023-12-07T10:30:12.051Z"},{"symbol":"XBTUSD","id":702955072,"side":"Sell","size":1036900,"price":44335.0,"timestamp":"2023-12-07T10:30:12.051Z"},{"symbol":"XBTUSD","id":701721683,"side":"Sell","size":100,"price":44254.0,"timestamp":"2023-12-07T10:30:12.051Z"},{"symbol":"XBTUSD","id":702961045,"side":"Sell","size":1036900,"price":44060.0,"timestamp":"2023-12-07T10:30:12.051Z"},{"symbol":"XBTUSD","id":702771645,"side":"Sell","size":200,"price":43897.5,"timestamp":"2023-12-07T10:30:12.051Z"},{"symbol":"XBTUSD","id":702962489,"side":"Sell","size":500,"price":43784.0,"timestamp":"2023-12-07T10:30:12.051Z"},{"symbol":"XBTUSD","id":702963065,"side":"Sell","size":500,"price":43771.0,"timestamp":"2023-12-07T10:30:12.051Z"},{"symbol":"XBTUSD","id":702932061,"side":"Sell","size":660100,"price":43748.5,"timestamp":"2023-12-07T10:30:12.051Z"},{"symbol":"XBTUSD","id":702961207,"side":"Sell","size":8600,"price":43618.0,"timestamp":"2023-12-07T10:30:12.051Z"},{"symbol":"XBTUSD","id":702962481,"side":"Sell","size":300,"price":43589.5,"timestamp":"2023-12-07T10:30:12.051Z"},{"symbol":"XBTUSD","id":702945688,"side":"Sell","size":493800,"price":43578.0,"timestamp":"2023-12-07T10:30:12.051Z"},{"symbol":"XBTUSD","id":702963061,"side":"Sell","size":300,"price":43576.5,"timestamp":"2023-12-07T10:30:12.051Z"},{"symbol":"XBTUSD","id":702953855,"side":"Sell","size":500,"price":43530.0,"timestamp":"2023-12-07T10:30:12.051Z"},{"symbol":"XBTUSD","id":702945881,"side":"Sell","size":202200,"price":43351.5,"timestamp":"2023-12-07T10:30:12.051Z"},{"symbol":"XBTUSD","id":702962473,"side":"Sell","size":100,"price":43239.5,"timestamp":"2023-12-07T10:30:12.051Z"},{"symbol":"XBTUSD","id":702962467,"side":"Sell","size":100,"price":43233.0,"timestamp":"2023-12-07T10:30:12.051Z"},{"symbol":"XBTUSD","id":702963057,"side":"Sell","size":100,"price":43226.5,"timestamp":"2023-12-07T10:30:12.051Z"},{"symbol":"XBTUSD","id":702963053,"side":"Sell","size":100,"price":43220.0,"timestamp":"2023-12-07T10:30:12.051Z"},{"symbol":"XBTUSD","id":702962463,"side":"Buy","size":100,"price":43168.0,"timestamp":"2023-12-07T10:30:12.051Z"},{"symbol":"XBTUSD","id":702962469,"side":"Buy","size":100,"price":43161.5,"timestamp":"2023-12-07T10:30:12.051Z"},{"symbol":"XBTUSD","id":702963051,"side":"Buy","size":100,"price":43155.0,"timestamp":"2023-12-07T10:30:12.051Z"},{"symbol":"XBTUSD","id":702963055,"side":"Buy","size":100,"price":43148.5,"timestamp":"2023-12-07T10:30:12.051Z"},{"symbol":"XBTUSD","id":702943905,"side":"Buy","size":184100,"price":42964.0,"timestamp":"2023-12-07T10:30:12.051Z"},{"symbol":"XBTUSD","id":702962477,"side":"Buy","size":300,"price":42811.5,"timestamp":"2023-12-07T10:30:12.051Z"},{"symbol":"XBTUSD","id":702963059,"side":"Buy","size":300,"price":42798.5,"timestamp":"2023-12-07T10:30:12.051Z"},{"symbol":"XBTUSD","id":702956037,"side":"Buy","size":432600,"price":42781.0,"timestamp":"2023-12-07T10:30:12.051Z"},{"symbol":"XBTUSD","id":702953829,"side":"Buy","size":500,"price":42776.0,"timestamp":"2023-12-07T10:30:12.051Z"},{"symbol":"XBTUSD","id":702961209,"side":"Buy","size":8600,"price":42754.0,"timestamp":"2023-12-07T10:30:12.051Z"},{"symbol":"XBTUSD","id":702962485,"side":"Buy","size":500,"price":42617.0,"timestamp":"2023-12-07T10:30:12.051Z"},{"symbol":"XBTUSD","id":702963063,"side":"Buy","size":500,"price":42604.0,"timestamp":"2023-12-07T10:30:12.051Z"},{"symbol":"XBTUSD","id":702943915,"side":"Buy","size":679900,"price":42493.5,"timestamp":"2023-12-07T10:30:12.051Z"},{"symbol":"XBTUSD","id":686218087,"side":"Buy","size":200,"price":42271.0,"timestamp":"2023-12-07T10:30:12.051Z"},{"symbol":"XBTUSD","id":702941894,"side":"Buy","size":739800,"price":42191.0,"timestamp":"2023-12-07T10:30:12.051Z"},{"symbol":"XBTUSD","id":702771649,"side":"Buy","size":600,"price":42176.5,"timestamp":"2023-12-07T10:30:12.051Z"},{"symbol":"XBTUSD","id":702945690,"side":"Buy","size":873400,"price":42031.0,"timestamp":"2023-12-07T10:30:12.051Z"},{"symbol":"XBTUSD","id":698802289,"side":"Buy","size":2000,"price":42000.0,"timestamp":"2023-12-07T10:30:12.051Z"},{"symbol":"XBTUSD","id":702942731,"side":"Buy","size":892900,"price":41745.5,"timestamp":"2023-12-07T10:30:12.051Z"},{"symbol":"XBTUSD","id":702932708,"side":"Buy","size":892900,"price":41463.5,"timestamp":"2023-12-07T10:30:12.051Z"},{"symbol":"XBTUSD","id":686678908,"side":"Buy","size":100,"price":41400.0,"timestamp":"2023-12-07T10:30:12.051Z"},{"symbol":"XBTUSD","id":676931788,"side":"Buy","size":100,"price":41322.0,"timestamp":"2023-12-07T10:30:12.051Z"},{"symbol":"XBTUSD","id":702943742,"side":"Buy","size":892900,"price":41301.5,"timestamp":"2023-12-07T10:30:12.051Z"},{"symbol":"XBTUSD","id":697044137,"side":"Buy","size":100,"price":41040.0,"timestamp":"2023-12-07T10:30:12.051Z"},{"symbol":"XBTUSD","id":702497501,"side":"Buy","size":1500,"price":41037.0,"timestamp":"2023-12-07T10:30:12.051Z"}]}
2023-12-07 13:30:36,994 INFO  BitmexWebSocketClient - {"table":"orderBookL2_25","action":"delete","data":[{"symbol":"XBTUSD","id":702962481,"side":"Sell","price":43589.5,"timestamp":"2023-12-07T10:30:36.054Z"},{"symbol":"XBTUSD","id":702962473,"side":"Sell","price":43239.5,"timestamp":"2023-12-07T10:30:36.054Z"},{"symbol":"XBTUSD","id":702962489,"side":"Sell","price":43784.0,"timestamp":"2023-12-07T10:30:36.054Z"},{"symbol":"XBTUSD","id":702962467,"side":"Sell","price":43233.0,"timestamp":"2023-12-07T10:30:36.054Z"},{"symbol":"XBTUSD","id":702962469,"side":"Buy","price":43161.5,"timestamp":"2023-12-07T10:30:36.054Z"},{"symbol":"XBTUSD","id":702962485,"side":"Buy","price":42617.0,"timestamp":"2023-12-07T10:30:36.054Z"},{"symbol":"XBTUSD","id":702962477,"side":"Buy","price":42811.5,"timestamp":"2023-12-07T10:30:36.054Z"},{"symbol":"XBTUSD","id":702962463,"side":"Buy","price":43168.0,"timestamp":"2023-12-07T10:30:36.054Z"}]}
2023-12-07 13:30:36,995 INFO  BitmexWebSocketClient - {"table":"orderBookL2_25","action":"insert","data":[{"symbol":"XBTUSD","id":697930677,"side":"Sell","size":500,"price":47000.0,"timestamp":"2023-12-07T10:30:36.054Z"},{"symbol":"XBTUSD","id":1000495,"side":"Sell","size":100,"price":47555.0,"timestamp":"2023-12-07T10:30:36.054Z"},{"symbol":"XBTUSD","id":1000496,"side":"Sell","size":1000,"price":47556.0,"timestamp":"2023-12-07T10:30:36.054Z"},{"symbol":"XBTUSD","id":1000893,"side":"Sell","size":100000,"price":46000.0,"timestamp":"2023-12-07T10:30:36.054Z"},{"symbol":"XBTUSD","id":702954636,"side":"Buy","size":891500,"price":40865.5,"timestamp":"2023-12-07T10:30:36.054Z"},{"symbol":"XBTUSD","id":675773745,"side":"Buy","size":10000,"price":40632.0,"timestamp":"2023-12-07T10:30:36.054Z"},{"symbol":"XBTUSD","id":702941906,"side":"Buy","size":877600,"price":41011.0,"timestamp":"2023-12-07T10:30:36.054Z"},{"symbol":"XBTUSD","id":671669242,"side":"Buy","size":1000000,"price":40750.0,"timestamp":"2023-12-07T10:30:36.054Z"}]}
2023-12-07 13:30:37,041 INFO  BitmexWebSocketClient - {"table":"orderBookL2_25","action":"delete","data":[{"symbol":"XBTUSD","id":1000495,"side":"Sell","price":47555.0,"timestamp":"2023-12-07T10:30:36.103Z"},{"symbol":"XBTUSD","id":1000496,"side":"Sell","price":47556.0,"timestamp":"2023-12-07T10:30:36.103Z"},{"symbol":"XBTUSD","id":1000893,"side":"Sell","price":46000.0,"timestamp":"2023-12-07T10:30:36.103Z"},{"symbol":"XBTUSD","id":697930677,"side":"Sell","price":47000.0,"timestamp":"2023-12-07T10:30:36.103Z"},{"symbol":"XBTUSD","id":702954636,"side":"Buy","price":40865.5,"timestamp":"2023-12-07T10:30:36.103Z"},{"symbol":"XBTUSD","id":675773745,"side":"Buy","price":40632.0,"timestamp":"2023-12-07T10:30:36.103Z"},{"symbol":"XBTUSD","id":702941906,"side":"Buy","price":41011.0,"timestamp":"2023-12-07T10:30:36.103Z"},{"symbol":"XBTUSD","id":671669242,"side":"Buy","price":40750.0,"timestamp":"2023-12-07T10:30:36.103Z"}]}
2023-12-07 13:30:37,041 INFO  BitmexWebSocketClient - {"table":"orderBookL2_25","action":"insert","data":[{"symbol":"XBTUSD","id":702965446,"side":"Sell","size":100,"price":43242.0,"timestamp":"2023-12-07T10:30:36.103Z"},{"symbol":"XBTUSD","id":702965452,"side":"Sell","size":300,"price":43592.0,"timestamp":"2023-12-07T10:30:36.103Z"},{"symbol":"XBTUSD","id":702965438,"side":"Sell","size":100,"price":43235.5,"timestamp":"2023-12-07T10:30:36.103Z"},{"symbol":"XBTUSD","id":702965460,"side":"Sell","size":500,"price":43786.5,"timestamp":"2023-12-07T10:30:36.103Z"},{"symbol":"XBTUSD","id":702965450,"side":"Buy","size":300,"price":42814.0,"timestamp":"2023-12-07T10:30:36.103Z"},{"symbol":"XBTUSD","id":702965436,"side":"Buy","size":100,"price":43170.5,"timestamp":"2023-12-07T10:30:36.103Z"},{"symbol":"XBTUSD","id":702965456,"side":"Buy","size":500,"price":42619.5,"timestamp":"2023-12-07T10:30:36.103Z"},{"symbol":"XBTUSD","id":702965442,"side":"Buy","size":100,"price":43164.0,"timestamp":"2023-12-07T10:30:36.103Z"}]}
2023-12-07 14:59:58,161 INFO  OrderHttpRequest - Created HttpRequest: https://testnet.bitmex.com/api/v1/order POST
2023-12-07 15:01:28,682 INFO  OrderHttpRequest - Created HttpRequest: https://testnet.bitmex.com/api/v1/order POST
2023-12-07 15:02:20,387 INFO  OrderHttpRequest - Created HttpRequest: https://testnet.bitmex.com/api/v1/order POST
2023-12-07 15:02:20,958 INFO  OrderRepoList - Orders repository created
2023-12-07 15:02:20,960 INFO  BitmexClient - Order: {"symbol":"XBTUSD","side":"Buy","orderQty":100.0,"price":30000.0,"ordType":"Limit"}created
